#
# A fatal error has been detected by the Java Runtime Environment:
#
#  EXCEPTION_ACCESS_VIOLATION (0xc0000005) at pc=0x00007ffbab42d56a, pid=38012, tid=0x000000000000519c
#
# JRE version: Java(TM) SE Runtime Environment (8.0_101-b13) (build 1.8.0_101-b13)
# Java VM: Java HotSpot(TM) 64-Bit Server VM (25.101-b13 mixed mode windows-amd64 compressed oops)
# Problematic frame:
# C  [ig9icd64.dll+0x59d56a]
#
# Failed to write core dump. Minidumps are not enabled by default on client versions of Windows
#
# If you would like to submit a bug report, please visit:
#   http://bugreport.java.com/bugreport/crash.jsp
# The crash happened outside the Java Virtual Machine in native code.
# See problematic frame for where to report the bug.
#

---------------  T H R E A D  ---------------

Current thread (0x0000000019bba800):  JavaThread "main-SharedResourceRunner" daemon [_thread_in_native, id=20892, stack(0x000000001bbd0000,0x000000001bcd0000)]

siginfo: ExceptionCode=0xc0000005, reading address 0x0000000000000010

Registers:
RAX=0x000000000076bcd0, RBX=0x0000000000000001, RCX=0x0000000000000001, RDX=0x0000000000000001
RSP=0x000000001bcced60, RBP=0x0000000000772c40, RSI=0x0000000000000001, RDI=0x0000000000000000
R8 =0x0000000000000000, R9 =0x000000001bcceec0, R10=0x0000000000000000, R11=0x0000000000000246
R12=0x0000000000000000, R13=0x000000001ba2a028, R14=0x000000001bcceef8, R15=0x0000000019bba800
RIP=0x00007ffbab42d56a, EFLAGS=0x0000000000010202

Top of Stack: (sp=0x000000001bcced60)
0x000000001bcced60:   0000000000000068 0000000019bba800
0x000000001bcced70:   0000000000000000 00007ffbd5776b8b
0x000000001bcced80:   0000000000000000 0000000000030001
0x000000001bcced90:   fffffffffffffffe 0000000000000000
0x000000001bcceda0:   0000000000000000 00007ffbd5778fc8
0x000000001bccedb0:   0000000000000000 0000000000000000
0x000000001bccedc0:   00007ffbd57fc400 0000000000030001
0x000000001bccedd0:   000000001bcceec0 00007ffbd577a624
0x000000001bccede0:   0000000018b2ed20 0000000018ad3370
0x000000001bccedf0:   0000000018ad3370 000000001bcceef0
0x000000001bccee00:   0000000000000031 000000006455657a
0x000000001bccee10:   00000000d81beb98 000000001ba2a028
0x000000001bccee20:   0000695a75ca80c1 00000000025f3b43
0x000000001bccee30:   00000000d81beb98 00000000025e7f54
0x000000001bccee40:   000000001ba2a3c8 00000000645565ae
0x000000001bccee50:   0000000019b5bfa0 000000007540d01b 

Instructions: (pc=0x00007ffbab42d56a)
0x00007ffbab42d54a:   d8 70 00 65 48 8b 04 25 58 00 00 00 bd 10 00 00
0x00007ffbab42d55a:   00 4a 8b 04 c0 48 8b 2c 28 4c 8b 85 e0 6f 02 00
0x00007ffbab42d56a:   41 8b 50 10 8b c1 48 23 d0 49 8b 40 28 48 8b 3c
0x00007ffbab42d57a:   d0 48 85 ff 74 1d 48 8b cf e8 38 e2 ff ff 39 58 


Register to memory mapping:

RAX=0x000000000076bcd0 is an unknown value
RBX=0x0000000000000001 is an unknown value
RCX=0x0000000000000001 is an unknown value
RDX=0x0000000000000001 is an unknown value
RSP=0x000000001bcced60 is pointing into the stack for thread: 0x0000000019bba800
RBP=0x0000000000772c40 is an unknown value
RSI=0x0000000000000001 is an unknown value
RDI=0x0000000000000000 is an unknown value
R8 =0x0000000000000000 is an unknown value
R9 =0x000000001bcceec0 is pointing into the stack for thread: 0x0000000019bba800
R10=0x0000000000000000 is an unknown value
R11=0x0000000000000246 is an unknown value
R12=0x0000000000000000 is an unknown value
R13={method} {0x000000001ba2a030} 'dispatch_wglDeleteContext0' '(JJ)Z' in 'jogamp/opengl/windows/wgl/WGL'
R14=0x000000001bcceef8 is pointing into the stack for thread: 0x0000000019bba800
R15=0x0000000019bba800 is a thread


Stack: [0x000000001bbd0000,0x000000001bcd0000],  sp=0x000000001bcced60,  free space=1019k
Native frames: (J=compiled Java code, j=interpreted, Vv=VM code, C=native code)
C  [ig9icd64.dll+0x59d56a]
C  [graphics-hook64.dll+0x8fc8]
C  [graphics-hook64.dll+0xa624]
C  [jogl_desktop.dll+0x5657a]
C  0x00000000025e7f54

Java frames: (J=compiled Java code, j=interpreted, Vv=VM code)
j  jogamp.opengl.windows.wgl.WGL.dispatch_wglDeleteContext0(JJ)Z+0
j  jogamp.opengl.windows.wgl.WGL.wglDeleteContext(J)Z+37
j  jogamp.opengl.windows.wgl.WindowsWGLContext.destroyImpl()V+10
j  jogamp.opengl.GLContextImpl.destroy()V+387
j  jogamp.opengl.windows.wgl.WindowsWGLDrawableFactory$SharedResourceImplementation.releaseSharedResource(Ljogamp/opengl/SharedResourceRunner$Resource;)V+143
j  jogamp.opengl.SharedResourceRunner.releaseSharedResources()V+46
j  jogamp.opengl.SharedResourceRunner.run()V+495
j  java.lang.Thread.run()V+11
v  ~StubRoutines::call_stub

---------------  P R O C E S S  ---------------

Java Threads: ( => current thread )
  0x00000000217f3800 JavaThread "NativeWindowFactory_ShutdownHook" [_thread_blocked, id=53472, stack(0x0000000022160000,0x0000000022260000)]
  0x0000000019b49800 JavaThread "Thread-4" [_thread_blocked, id=57252, stack(0x0000000021f60000,0x0000000022060000)]
  0x00000000023cd800 JavaThread "DestroyJavaVM" [_thread_blocked, id=43132, stack(0x00000000023d0000,0x00000000024d0000)]
  0x0000000019b48800 JavaThread "AWT-EventQueue-0" [_thread_blocked, id=58448, stack(0x00000000206d0000,0x00000000207d0000)]
  0x0000000019b47800 JavaThread "AWT-Shutdown" [_thread_blocked, id=55812, stack(0x00000000205d0000,0x00000000206d0000)]
=>0x0000000019bba800 JavaThread "main-SharedResourceRunner" daemon [_thread_in_native, id=20892, stack(0x000000001bbd0000,0x000000001bcd0000)]
  0x0000000018e7a000 JavaThread "Java2D Disposer" daemon [_thread_blocked, id=58420, stack(0x00000000191d0000,0x00000000192d0000)]
  0x00000000171ad800 JavaThread "Service Thread" daemon [_thread_blocked, id=46560, stack(0x0000000018e90000,0x0000000018f90000)]
  0x0000000017153800 JavaThread "C1 CompilerThread2" daemon [_thread_blocked, id=59204, stack(0x0000000018990000,0x0000000018a90000)]
  0x0000000017150800 JavaThread "C2 CompilerThread1" daemon [_thread_blocked, id=56324, stack(0x0000000018890000,0x0000000018990000)]
  0x000000001714b000 JavaThread "C2 CompilerThread0" daemon [_thread_blocked, id=57200, stack(0x0000000018790000,0x0000000018890000)]
  0x0000000017157800 JavaThread "Attach Listener" daemon [_thread_blocked, id=32032, stack(0x0000000018690000,0x0000000018790000)]
  0x0000000017156000 JavaThread "Signal Dispatcher" daemon [_thread_blocked, id=45028, stack(0x0000000018590000,0x0000000018690000)]
  0x000000001713a800 JavaThread "Finalizer" daemon [_thread_blocked, id=57204, stack(0x00000000183a0000,0x00000000184a0000)]
  0x00000000025c2000 JavaThread "Reference Handler" daemon [_thread_blocked, id=8900, stack(0x00000000182a0000,0x00000000183a0000)]

Other Threads:
  0x0000000017117800 VMThread [stack: 0x00000000181a0000,0x00000000182a0000] [id=53244]
  0x0000000018ad7800 WatcherThread [stack: 0x0000000018f90000,0x0000000019090000] [id=49068]

VM state:not at safepoint (normal execution)

VM Mutex/Monitor currently owned by a thread: None

Heap:
 PSYoungGen      total 36864K, used 34825K [0x00000000d5b80000, 0x00000000d8500000, 0x0000000100000000)
  eden space 32256K, 94% used [0x00000000d5b80000,0x00000000d791d9a0,0x00000000d7b00000)
  from space 4608K, 97% used [0x00000000d8080000,0x00000000d84e4d48,0x00000000d8500000)
  to   space 5120K, 0% used [0x00000000d7b00000,0x00000000d7b00000,0x00000000d8000000)
 ParOldGen       total 87552K, used 24K [0x0000000081200000, 0x0000000086780000, 0x00000000d5b80000)
  object space 87552K, 0% used [0x0000000081200000,0x0000000081206000,0x0000000086780000)
 Metaspace       used 15014K, capacity 15234K, committed 15488K, reserved 1062912K
  class space    used 1504K, capacity 1572K, committed 1664K, reserved 1048576K

Card table byte_map: [0x0000000011990000,0x0000000011d90000] byte_map_base: 0x0000000011587000

Marking Bits: (ParMarkBitMap*) 0x0000000075b5a6d0
 Begin Bits: [0x0000000012440000, 0x00000000143f8000)
 End Bits:   [0x00000000143f8000, 0x00000000163b0000)

Polling page: 0x00000000006d0000

CodeCache: size=245760Kb used=5105Kb max_used=5285Kb free=240655Kb
 bounds [0x00000000025d0000, 0x0000000002b00000, 0x00000000115d0000]
 total_blobs=2161 nmethods=1326 adapters=748
 compilation: enabled

Compilation events (10 events):
Event: 298.235 Thread 0x000000001714b000 1401       4       assignment.ParticleSystem::update (143 bytes)
Event: 298.240 Thread 0x000000001714b000 nmethod 1401 0x00000000026e42d0 code [0x00000000026e4420, 0x00000000026e4518]
Event: 299.454 Thread 0x0000000017153800 1402       3       java.util.concurrent.locks.AbstractQueuedSynchronizer::acquire (27 bytes)
Event: 299.455 Thread 0x0000000017153800 nmethod 1402 0x00000000026df790 code [0x00000000026df940, 0x00000000026dfdf8]
Event: 299.689 Thread 0x0000000017150800 1403       4       assignment.Time::drawColor (141 bytes)
Event: 299.689 Thread 0x000000001714b000 1404       4       assignment.ParticleSystem::draw (36 bytes)
Event: 299.693 Thread 0x000000001714b000 nmethod 1404 0x000000000289c4d0 code [0x000000000289c600, 0x000000000289c698]
Event: 299.709 Thread 0x0000000017150800 nmethod 1403 0x0000000002afbd10 code [0x0000000002afbf40, 0x0000000002afc560]
Event: 299.711 Thread 0x000000001714b000 1405       4       assignment.Spaceship::update (147 bytes)
Event: 299.713 Thread 0x000000001714b000 nmethod 1405 0x000000000270f750 code [0x000000000270f8c0, 0x000000000270f998]

GC Heap History (10 events):
Event: 43.665 GC heap before
{Heap before GC invocations=2 (full 0):
 PSYoungGen      total 38400K, used 38133K [0x00000000d5b80000, 0x00000000d8600000, 0x0000000100000000)
  eden space 33280K, 100% used [0x00000000d5b80000,0x00000000d7c00000,0x00000000d7c00000)
  from space 5120K, 94% used [0x00000000d7c00000,0x00000000d80bd5f0,0x00000000d8100000)
  to   space 5120K, 0% used [0x00000000d8100000,0x00000000d8100000,0x00000000d8600000)
 ParOldGen       total 87552K, used 0K [0x0000000081200000, 0x0000000086780000, 0x00000000d5b80000)
  object space 87552K, 0% used [0x0000000081200000,0x0000000081200000,0x0000000086780000)
 Metaspace       used 14874K, capacity 15096K, committed 15232K, reserved 1062912K
  class space    used 1493K, capacity 1569K, committed 1664K, reserved 1048576K
Event: 43.709 GC heap after
Heap after GC invocations=2 (full 0):
 PSYoungGen      total 38400K, used 4404K [0x00000000d5b80000, 0x00000000d8600000, 0x0000000100000000)
  eden space 33280K, 0% used [0x00000000d5b80000,0x00000000d5b80000,0x00000000d7c00000)
  from space 5120K, 86% used [0x00000000d8100000,0x00000000d854d028,0x00000000d8600000)
  to   space 5120K, 0% used [0x00000000d7c00000,0x00000000d7c00000,0x00000000d8100000)
 ParOldGen       total 87552K, used 8K [0x0000000081200000, 0x0000000086780000, 0x00000000d5b80000)
  object space 87552K, 0% used [0x0000000081200000,0x0000000081202000,0x0000000086780000)
 Metaspace       used 14874K, capacity 15096K, committed 15232K, reserved 1062912K
  class space    used 1493K, capacity 1569K, committed 1664K, reserved 1048576K
}
Event: 101.192 GC heap before
{Heap before GC invocations=3 (full 0):
 PSYoungGen      total 38400K, used 37684K [0x00000000d5b80000, 0x00000000d8600000, 0x0000000100000000)
  eden space 33280K, 100% used [0x00000000d5b80000,0x00000000d7c00000,0x00000000d7c00000)
  from space 5120K, 86% used [0x00000000d8100000,0x00000000d854d028,0x00000000d8600000)
  to   space 5120K, 0% used [0x00000000d7c00000,0x00000000d7c00000,0x00000000d8100000)
 ParOldGen       total 87552K, used 8K [0x0000000081200000, 0x0000000086780000, 0x00000000d5b80000)
  object space 87552K, 0% used [0x0000000081200000,0x0000000081202000,0x0000000086780000)
 Metaspace       used 14886K, capacity 15106K, committed 15488K, reserved 1062912K
  class space    used 1495K, capacity 1572K, committed 1664K, reserved 1048576K
Event: 101.228 GC heap after
Heap after GC invocations=3 (full 0):
 PSYoungGen      total 38400K, used 4371K [0x00000000d5b80000, 0x00000000d8600000, 0x0000000100000000)
  eden space 33280K, 0% used [0x00000000d5b80000,0x00000000d5b80000,0x00000000d7c00000)
  from space 5120K, 85% used [0x00000000d7c00000,0x00000000d8044d48,0x00000000d8100000)
  to   space 5120K, 0% used [0x00000000d8100000,0x00000000d8100000,0x00000000d8600000)
 ParOldGen       total 87552K, used 16K [0x0000000081200000, 0x0000000086780000, 0x00000000d5b80000)
  object space 87552K, 0% used [0x0000000081200000,0x0000000081204000,0x0000000086780000)
 Metaspace       used 14886K, capacity 15106K, committed 15488K, reserved 1062912K
  class space    used 1495K, capacity 1572K, committed 1664K, reserved 1048576K
}
Event: 159.843 GC heap before
{Heap before GC invocations=4 (full 0):
 PSYoungGen      total 38400K, used 37651K [0x00000000d5b80000, 0x00000000d8600000, 0x0000000100000000)
  eden space 33280K, 100% used [0x00000000d5b80000,0x00000000d7c00000,0x00000000d7c00000)
  from space 5120K, 85% used [0x00000000d7c00000,0x00000000d8044d48,0x00000000d8100000)
  to   space 5120K, 0% used [0x00000000d8100000,0x00000000d8100000,0x00000000d8600000)
 ParOldGen       total 87552K, used 16K [0x0000000081200000, 0x0000000086780000, 0x00000000d5b80000)
  object space 87552K, 0% used [0x0000000081200000,0x0000000081204000,0x0000000086780000)
 Metaspace       used 14972K, capacity 15170K, committed 15488K, reserved 1062912K
  class space    used 1496K, capacity 1572K, committed 1664K, reserved 1048576K
Event: 159.867 GC heap after
Heap after GC invocations=4 (full 0):
 PSYoungGen      total 38400K, used 4499K [0x00000000d5b80000, 0x00000000d8600000, 0x0000000100000000)
  eden space 33280K, 0% used [0x00000000d5b80000,0x00000000d5b80000,0x00000000d7c00000)
  from space 5120K, 87% used [0x00000000d8100000,0x00000000d8564d48,0x00000000d8600000)
  to   space 5120K, 0% used [0x00000000d7c00000,0x00000000d7c00000,0x00000000d8100000)
 ParOldGen       total 87552K, used 24K [0x0000000081200000, 0x0000000086780000, 0x00000000d5b80000)
  object space 87552K, 0% used [0x0000000081200000,0x0000000081206000,0x0000000086780000)
 Metaspace       used 14972K, capacity 15170K, committed 15488K, reserved 1062912K
  class space    used 1496K, capacity 1572K, committed 1664K, reserved 1048576K
}
Event: 211.746 GC heap before
{Heap before GC invocations=5 (full 0):
 PSYoungGen      total 38400K, used 37779K [0x00000000d5b80000, 0x00000000d8600000, 0x0000000100000000)
  eden space 33280K, 100% used [0x00000000d5b80000,0x00000000d7c00000,0x00000000d7c00000)
  from space 5120K, 87% used [0x00000000d8100000,0x00000000d8564d48,0x00000000d8600000)
  to   space 5120K, 0% used [0x00000000d7c00000,0x00000000d7c00000,0x00000000d8100000)
 ParOldGen       total 87552K, used 24K [0x0000000081200000, 0x0000000086780000, 0x00000000d5b80000)
  object space 87552K, 0% used [0x0000000081200000,0x0000000081206000,0x0000000086780000)
 Metaspace       used 14985K, capacity 15170K, committed 15488K, reserved 1062912K
  class space    used 1496K, capacity 1572K, committed 1664K, reserved 1048576K
Event: 211.768 GC heap after
Heap after GC invocations=5 (full 0):
 PSYoungGen      total 37376K, used 4499K [0x00000000d5b80000, 0x00000000d8580000, 0x0000000100000000)
  eden space 32768K, 0% used [0x00000000d5b80000,0x00000000d5b80000,0x00000000d7b80000)
  from space 4608K, 97% used [0x00000000d7c00000,0x00000000d8064d48,0x00000000d8080000)
  to   space 5120K, 0% used [0x00000000d8080000,0x00000000d8080000,0x00000000d8580000)
 ParOldGen       total 87552K, used 24K [0x0000000081200000, 0x0000000086780000, 0x00000000d5b80000)
  object space 87552K, 0% used [0x0000000081200000,0x0000000081206000,0x0000000086780000)
 Metaspace       used 14985K, capacity 15170K, committed 15488K, reserved 1062912K
  class space    used 1496K, capacity 1572K, committed 1664K, reserved 1048576K
}
Event: 258.621 GC heap before
{Heap before GC invocations=6 (full 0):
 PSYoungGen      total 37376K, used 37267K [0x00000000d5b80000, 0x00000000d8580000, 0x0000000100000000)
  eden space 32768K, 100% used [0x00000000d5b80000,0x00000000d7b80000,0x00000000d7b80000)
  from space 4608K, 97% used [0x00000000d7c00000,0x00000000d8064d48,0x00000000d8080000)
  to   space 5120K, 0% used [0x00000000d8080000,0x00000000d8080000,0x00000000d8580000)
 ParOldGen       total 87552K, used 24K [0x0000000081200000, 0x0000000086780000, 0x00000000d5b80000)
  object space 87552K, 0% used [0x0000000081200000,0x0000000081206000,0x0000000086780000)
 Metaspace       used 14985K, capacity 15170K, committed 15488K, reserved 1062912K
  class space    used 1496K, capacity 1572K, committed 1664K, reserved 1048576K
Event: 258.651 GC heap after
Heap after GC invocations=6 (full 0):
 PSYoungGen      total 36864K, used 4499K [0x00000000d5b80000, 0x00000000d8500000, 0x0000000100000000)
  eden space 32256K, 0% used [0x00000000d5b80000,0x00000000d5b80000,0x00000000d7b00000)
  from space 4608K, 97% used [0x00000000d8080000,0x00000000d84e4d48,0x00000000d8500000)
  to   space 5120K, 0% used [0x00000000d7b00000,0x00000000d7b00000,0x00000000d8000000)
 ParOldGen       total 87552K, used 24K [0x0000000081200000, 0x0000000086780000, 0x00000000d5b80000)
  object space 87552K, 0% used [0x0000000081200000,0x0000000081206000,0x0000000086780000)
 Metaspace       used 14985K, capacity 15170K, committed 15488K, reserved 1062912K
  class space    used 1496K, capacity 1572K, committed 1664K, reserved 1048576K
}

Deoptimization events (10 events):
Event: 159.875 Thread 0x0000000019b48800 Uncommon trap: reason=unstable_if action=reinterpret pc=0x0000000002a3c438 method=java.nio.Bits.tryReserveMemory(JI)Z @ 29
Event: 288.584 Thread 0x0000000019b48800 Uncommon trap: reason=unstable_if action=reinterpret pc=0x0000000002ae2d00 method=assignment.Atmosphere.draw(Lcom/jogamp/opengl/GL2;)V @ 4
Event: 288.584 Thread 0x0000000019b48800 Uncommon trap: reason=unstable_if action=reinterpret pc=0x0000000002a6226c method=assignment.Button.drawOn(Lcom/jogamp/opengl/GL2;)V @ 4
Event: 288.584 Thread 0x0000000019b48800 Uncommon trap: reason=unstable_if action=reinterpret pc=0x0000000002a2e1a0 method=assignment.Button.drawOff(Lcom/jogamp/opengl/GL2;)V @ 4
Event: 288.584 Thread 0x0000000019b48800 Uncommon trap: reason=unstable_if action=reinterpret pc=0x00000000026d1e5c method=assignment.Button.drawText(Lcom/jogamp/opengl/GL2;)V @ 39
Event: 288.597 Thread 0x0000000019b48800 Uncommon trap: reason=unstable_if action=reinterpret pc=0x0000000002a2ecd8 method=assignment.Button.drawOn(Lcom/jogamp/opengl/GL2;)V @ 4
Event: 300.102 Thread 0x0000000019bba800 Uncommon trap: reason=class_check action=maybe_recompile pc=0x0000000002a3e94c method=jogamp.opengl.GLDrawableImpl.lockSurface()I @ 4
Event: 300.103 Thread 0x0000000019bba800 Uncommon trap: reason=class_check action=maybe_recompile pc=0x0000000002ad46cc method=jogamp.opengl.GLDrawableImpl.lockSurface()I @ 4
Event: 300.103 Thread 0x0000000019bba800 Uncommon trap: reason=class_check action=maybe_recompile pc=0x0000000002aaeba4 method=jogamp.opengl.GLDrawableImpl.getHandle()J @ 4
Event: 300.103 Thread 0x0000000019bba800 Uncommon trap: reason=unstable_if action=reinterpret pc=0x0000000002ad7358 method=jogamp.opengl.GLContextImpl.release(Z)V @ 161

Internal exceptions (10 events):
Event: 0.396 Thread 0x00000000023cd800 Exception <a 'java/security/PrivilegedActionException'> (0x00000000d5d31618) thrown at [C:\re\workspace\8-2-build-windows-amd64-cygwin\jdk8u101\7261\hotspot\src\share\vm\prims\jvm.cpp, line 1386]
Event: 0.396 Thread 0x00000000023cd800 Exception <a 'java/security/PrivilegedActionException'> (0x00000000d5d31828) thrown at [C:\re\workspace\8-2-build-windows-amd64-cygwin\jdk8u101\7261\hotspot\src\share\vm\prims\jvm.cpp, line 1386]
Event: 0.397 Thread 0x00000000023cd800 Exception <a 'java/security/PrivilegedActionException'> (0x00000000d5d35470) thrown at [C:\re\workspace\8-2-build-windows-amd64-cygwin\jdk8u101\7261\hotspot\src\share\vm\prims\jvm.cpp, line 1386]
Event: 0.397 Thread 0x00000000023cd800 Exception <a 'java/security/PrivilegedActionException'> (0x00000000d5d35680) thrown at [C:\re\workspace\8-2-build-windows-amd64-cygwin\jdk8u101\7261\hotspot\src\share\vm\prims\jvm.cpp, line 1386]
Event: 0.413 Thread 0x00000000023cd800 Exception <a 'java/io/FileNotFoundException'> (0x00000000d5d3bc08) thrown at [C:\re\workspace\8-2-build-windows-amd64-cygwin\jdk8u101\7261\hotspot\src\share\vm\prims\jni.cpp, line 709]
Event: 0.578 Thread 0x00000000023cd800 Exception <a 'java/lang/NoSuchFieldError': method resolution failed> (0x00000000d5e09068) thrown at [C:\re\workspace\8-2-build-windows-amd64-cygwin\jdk8u101\7261\hotspot\src\share\vm\prims\methodHandles.cpp, line 1146]
Event: 0.587 Thread 0x00000000023cd800 Exception <a 'java/lang/NoSuchFieldError': method resolution failed> (0x00000000d5e16438) thrown at [C:\re\workspace\8-2-build-windows-amd64-cygwin\jdk8u101\7261\hotspot\src\share\vm\prims\methodHandles.cpp, line 1146]
Event: 0.727 Thread 0x00000000023cd800 Exception <a 'java/io/FileNotFoundException'> (0x00000000d5ea9c80) thrown at [C:\re\workspace\8-2-build-windows-amd64-cygwin\jdk8u101\7261\hotspot\src\share\vm\prims\jni.cpp, line 709]
Event: 5.339 Thread 0x00000000023cd800 Exception <a 'java/lang/reflect/InvocationTargetException'> (0x00000000d6a89778) thrown at [C:\re\workspace\8-2-build-windows-amd64-cygwin\jdk8u101\7261\hotspot\src\share\vm\runtime\reflection.cpp, line 1092]
Event: 113.673 Thread 0x0000000019b48800 Implicit null exception at 0x0000000002a23c87 to 0x0000000002a23d7e

Events (10 events):
Event: 300.102 Thread 0x0000000019bba800 DEOPT UNPACKING pc=0x000000000261582a sp=0x000000001bccef00 mode 2
Event: 300.103 Thread 0x0000000019bba800 Uncommon trap: trap_request=0xffffffde fr.pc=0x0000000002ad46cc
Event: 300.103 Thread 0x0000000019bba800 DEOPT PACKING pc=0x0000000002ad46cc sp=0x000000001bccef10
Event: 300.103 Thread 0x0000000019bba800 DEOPT UNPACKING pc=0x000000000261582a sp=0x000000001bccee38 mode 2
Event: 300.103 Thread 0x0000000019bba800 Uncommon trap: trap_request=0xffffffde fr.pc=0x0000000002aaeba4
Event: 300.103 Thread 0x0000000019bba800 DEOPT PACKING pc=0x0000000002aaeba4 sp=0x000000001bccee70
Event: 300.103 Thread 0x0000000019bba800 DEOPT UNPACKING pc=0x000000000261582a sp=0x000000001bcced50 mode 2
Event: 300.103 Thread 0x0000000019bba800 Uncommon trap: trap_request=0xffffff65 fr.pc=0x0000000002ad7358
Event: 300.104 Thread 0x0000000019bba800 DEOPT PACKING pc=0x0000000002ad7358 sp=0x000000001bccef00
Event: 300.104 Thread 0x0000000019bba800 DEOPT UNPACKING pc=0x000000000261582a sp=0x000000001bccef00 mode 2


Dynamic libraries:
0x00007ff6aa130000 - 0x00007ff6aa167000 	C:\Program Files\Java\jre1.8.0_101\bin\javaw.exe
0x00007ffc0aae0000 - 0x00007ffc0acc1000 	C:\WINDOWS\SYSTEM32\ntdll.dll
0x00007ffc084c0000 - 0x00007ffc08572000 	C:\WINDOWS\System32\KERNEL32.DLL
0x00007ffc06f00000 - 0x00007ffc07173000 	C:\WINDOWS\System32\KERNELBASE.dll
0x00007ffc050f0000 - 0x00007ffc0517b000 	C:\WINDOWS\SYSTEM32\apphelp.dll
0x00007ffc0a190000 - 0x00007ffc0a231000 	C:\WINDOWS\System32\ADVAPI32.dll
0x00007ffc08630000 - 0x00007ffc086ce000 	C:\WINDOWS\System32\msvcrt.dll
0x00007ffc0a630000 - 0x00007ffc0a68b000 	C:\WINDOWS\System32\sechost.dll
0x00007ffc0a240000 - 0x00007ffc0a364000 	C:\WINDOWS\System32\RPCRT4.dll
0x00007ffc0a370000 - 0x00007ffc0a500000 	C:\WINDOWS\System32\USER32.dll
0x00007ffc07180000 - 0x00007ffc071a0000 	C:\WINDOWS\System32\win32u.dll
0x00007ffc0a7a0000 - 0x00007ffc0a7c8000 	C:\WINDOWS\System32\GDI32.dll
0x00007ffc07420000 - 0x00007ffc075b2000 	C:\WINDOWS\System32\gdi32full.dll
0x00007ffc07280000 - 0x00007ffc0731f000 	C:\WINDOWS\System32\msvcp_win.dll
0x00007ffc07320000 - 0x00007ffc0741a000 	C:\WINDOWS\System32\ucrtbase.dll
0x00007ffbf5570000 - 0x00007ffbf57d9000 	C:\WINDOWS\WinSxS\amd64_microsoft.windows.common-controls_6595b64144ccf1df_6.0.17134.165_none_fb429645306569ac\COMCTL32.dll
0x00007ffc07f70000 - 0x00007ffc08293000 	C:\WINDOWS\System32\combase.dll
0x00007ffc07200000 - 0x00007ffc0727a000 	C:\WINDOWS\System32\bcryptPrimitives.dll
0x00007ffc0a7d0000 - 0x00007ffc0a7fd000 	C:\WINDOWS\System32\IMM32.DLL
0x00000000750c0000 - 0x0000000075192000 	C:\Program Files\Java\jre1.8.0_101\bin\msvcr100.dll
0x0000000075340000 - 0x0000000075bda000 	C:\Program Files\Java\jre1.8.0_101\bin\server\jvm.dll
0x00007ffc0a790000 - 0x00007ffc0a798000 	C:\WINDOWS\System32\PSAPI.DLL
0x00007ffc00290000 - 0x00007ffc00299000 	C:\WINDOWS\SYSTEM32\WSOCK32.dll
0x00007ffc0a500000 - 0x00007ffc0a56c000 	C:\WINDOWS\System32\WS2_32.dll
0x00007ffc02f30000 - 0x00007ffc02f53000 	C:\WINDOWS\SYSTEM32\WINMM.dll
0x00007ffbf2c90000 - 0x00007ffbf2c9a000 	C:\WINDOWS\SYSTEM32\VERSION.dll
0x00007ffc02f00000 - 0x00007ffc02f2a000 	C:\WINDOWS\SYSTEM32\WINMMBASE.dll
0x00007ffc06eb0000 - 0x00007ffc06ef9000 	C:\WINDOWS\System32\cfgmgr32.dll
0x0000000076220000 - 0x000000007622f000 	C:\Program Files\Java\jre1.8.0_101\bin\verify.dll
0x0000000075230000 - 0x0000000075259000 	C:\Program Files\Java\jre1.8.0_101\bin\java.dll
0x0000000076200000 - 0x0000000076216000 	C:\Program Files\Java\jre1.8.0_101\bin\zip.dll
0x00007ffc08bf0000 - 0x00007ffc0a030000 	C:\WINDOWS\System32\SHELL32.dll
0x00007ffc08580000 - 0x00007ffc08629000 	C:\WINDOWS\System32\shcore.dll
0x00007ffc075c0000 - 0x00007ffc07ccd000 	C:\WINDOWS\System32\windows.storage.dll
0x00007ffc0a5d0000 - 0x00007ffc0a621000 	C:\WINDOWS\System32\shlwapi.dll
0x00007ffc06df0000 - 0x00007ffc06e01000 	C:\WINDOWS\System32\kernel.appcore.dll
0x00007ffc06e70000 - 0x00007ffc06e8f000 	C:\WINDOWS\System32\profapi.dll
0x00007ffc06e20000 - 0x00007ffc06e6c000 	C:\WINDOWS\System32\powrprof.dll
0x00007ffc06e10000 - 0x00007ffc06e1a000 	C:\WINDOWS\System32\FLTLIB.DLL
0x0000000074f20000 - 0x00000000750b8000 	C:\Program Files\Java\jre1.8.0_101\bin\awt.dll
0x00007ffc086d0000 - 0x00007ffc08792000 	C:\WINDOWS\System32\OLEAUT32.dll
0x00007ffc05850000 - 0x00007ffc05879000 	C:\WINDOWS\system32\DWMAPI.DLL
0x00007ffc05270000 - 0x00007ffc05308000 	C:\WINDOWS\system32\uxtheme.dll
0x00007ffc0a800000 - 0x00007ffc0a975000 	C:\WINDOWS\System32\MSCTF.dll
0x00007ffc0a030000 - 0x00007ffc0a181000 	C:\WINDOWS\System32\ole32.dll
0x00007ffc06830000 - 0x00007ffc06847000 	C:\WINDOWS\SYSTEM32\CRYPTSP.dll
0x00007ffc06210000 - 0x00007ffc06243000 	C:\WINDOWS\system32\rsaenh.dll
0x00007ffc06950000 - 0x00007ffc06975000 	C:\WINDOWS\SYSTEM32\bcrypt.dll
0x00007ffc06cf0000 - 0x00007ffc06d18000 	C:\WINDOWS\SYSTEM32\USERENV.dll
0x00007ffc06780000 - 0x00007ffc0678b000 	C:\WINDOWS\SYSTEM32\CRYPTBASE.dll
0x0000000075210000 - 0x000000007522a000 	C:\Program Files\Java\jre1.8.0_101\bin\net.dll
0x00007ffc06620000 - 0x00007ffc06686000 	C:\WINDOWS\system32\mswsock.dll
0x00007ffc063b0000 - 0x00007ffc063e8000 	C:\WINDOWS\SYSTEM32\IPHLPAPI.DLL
0x00007ffc0a980000 - 0x00007ffc0a988000 	C:\WINDOWS\System32\NSI.dll
0x00007ffbfb090000 - 0x00007ffbfb0a6000 	C:\WINDOWS\SYSTEM32\dhcpcsvc6.DLL
0x00007ffbfb070000 - 0x00007ffbfb08a000 	C:\WINDOWS\SYSTEM32\dhcpcsvc.DLL
0x00000000751f0000 - 0x0000000075201000 	C:\Program Files\Java\jre1.8.0_101\bin\nio.dll
0x00000000637c0000 - 0x00000000637cd000 	C:\Users\drago\AppData\Local\Temp\jogamp_0000\file_cache\jln3067747783340592352\jln4465175124677250746\natives\windows-amd64\gluegen-rt.dll
0x0000000074f10000 - 0x0000000074f17000 	C:\Program Files\Java\jre1.8.0_101\bin\jawt.dll
0x000000006a440000 - 0x000000006a44d000 	C:\Users\drago\AppData\Local\Temp\jogamp_0000\file_cache\jln3067747783340592352\jln4465175124677250746\natives\windows-amd64\nativewindow_awt.dll
0x000000006c100000 - 0x000000006c10f000 	C:\Users\drago\AppData\Local\Temp\jogamp_0000\file_cache\jln3067747783340592352\jln4465175124677250746\natives\windows-amd64\nativewindow_win32.dll
0x00007ffbd8530000 - 0x00007ffbd8650000 	C:\WINDOWS\SYSTEM32\OpenGL32.dll
0x00007ffbfe030000 - 0x00007ffbfe05c000 	C:\WINDOWS\SYSTEM32\GLU32.dll
0x0000000064500000 - 0x00000000645b1000 	C:\Users\drago\AppData\Local\Temp\jogamp_0000\file_cache\jln3067747783340592352\jln4465175124677250746\natives\windows-amd64\jogl_desktop.dll
0x0000000064340000 - 0x00000000643a2000 	C:\Users\drago\AppData\Local\Temp\jogamp_0000\file_cache\jln3067747783340592352\jln4465175124677250746\natives\windows-amd64\jogl_mobile.dll
0x00007ffbaae90000 - 0x00007ffbabbef000 	C:\WINDOWS\System32\DriverStore\FileRepository\atgh4627.inf_amd64_1a9e52b1bbedf409\ig9icd64.dll
0x00007ffc02de0000 - 0x00007ffc02df3000 	C:\WINDOWS\SYSTEM32\WTSAPI32.dll
0x00007ffbfe350000 - 0x00007ffbff4ae000 	C:\WINDOWS\System32\DriverStore\FileRepository\atgh4627.inf_amd64_1a9e52b1bbedf409\igc64.dll
0x0000000074ec0000 - 0x0000000074f07000 	C:\Program Files\Java\jre1.8.0_101\bin\fontmanager.dll
0x00007ffbfb920000 - 0x00007ffbfb9b8000 	C:\WINDOWS\System32\TextInputFramework.dll
0x00007ffc04bb0000 - 0x00007ffc04c8a000 	C:\WINDOWS\System32\CoreMessaging.dll
0x00007ffc01830000 - 0x00007ffc01b4e000 	C:\WINDOWS\System32\CoreUIComponents.dll
0x00007ffc06010000 - 0x00007ffc06041000 	C:\WINDOWS\SYSTEM32\ntmarta.dll
0x00007ffc03260000 - 0x00007ffc033ad000 	C:\WINDOWS\SYSTEM32\wintypes.dll
0x00007ffc05b70000 - 0x00007ffc05c2b000 	C:\WINDOWS\SYSTEM32\dxgi.dll
0x00007ffc04130000 - 0x00007ffc0443b000 	C:\WINDOWS\SYSTEM32\d3d11.dll
0x00007ffbdb510000 - 0x00007ffbdcc55000 	C:\WINDOWS\System32\DriverStore\FileRepository\atgh4627.inf_amd64_1a9e52b1bbedf409\igd10iumd64.dll
0x00007ffc06920000 - 0x00007ffc06946000 	C:\WINDOWS\SYSTEM32\ncrypt.dll
0x00007ffc068e0000 - 0x00007ffc06916000 	C:\WINDOWS\SYSTEM32\NTASN1.dll
0x00007ffbd5770000 - 0x00007ffbd580d000 	C:\Program Files (x86)\obs-studio\data\obs-plugins\win-capture\graphics-hook64.dll
0x00007ffc03d00000 - 0x00007ffc0412f000 	C:\WINDOWS\SYSTEM32\D3DCompiler_47.dll
0x00007ffbfc7d0000 - 0x00007ffbfc999000 	C:\WINDOWS\SYSTEM32\dbghelp.dll

VM Arguments:
jvm_args: -Dfile.encoding=Cp1252 
java_command: assignment.AlienPlanet
java_class_path (initial): C:\Program Files\Java\jre1.8.0_101\lib\resources.jar;C:\Program Files\Java\jre1.8.0_101\lib\rt.jar;C:\Program Files\Java\jre1.8.0_101\lib\jsse.jar;C:\Program Files\Java\jre1.8.0_101\lib\jce.jar;C:\Program Files\Java\jre1.8.0_101\lib\charsets.jar;C:\Program Files\Java\jre1.8.0_101\lib\jfr.jar;C:\Program Files\Java\jre1.8.0_101\lib\ext\access-bridge-64.jar;C:\Program Files\Java\jre1.8.0_101\lib\ext\cldrdata.jar;C:\Program Files\Java\jre1.8.0_101\lib\ext\dnsns.jar;C:\Program Files\Java\jre1.8.0_101\lib\ext\jaccess.jar;C:\Program Files\Java\jre1.8.0_101\lib\ext\jfxrt.jar;C:\Program Files\Java\jre1.8.0_101\lib\ext\localedata.jar;C:\Program Files\Java\jre1.8.0_101\lib\ext\nashorn.jar;C:\Program Files\Java\jre1.8.0_101\lib\ext\sunec.jar;C:\Program Files\Java\jre1.8.0_101\lib\ext\sunjce_provider.jar;C:\Program Files\Java\jre1.8.0_101\lib\ext\sunmscapi.jar;C:\Program Files\Java\jre1.8.0_101\lib\ext\sunpkcs11.jar;C:\Program Files\Java\jre1.8.0_101\lib\ext\zipfs.jar;C:\Users\drago\Documents\UNI\Year 3\Semester 1\Computer Graphics\Java Projects\Assignment1\bin;C:\jogamp-all-platforms\jar\gluegen-rt.jar;C:\jogamp-all-platforms\jar\jogl-all.jar
Launcher Type: SUN_STANDARD

Environment Variables:
PATH=C:/Program Files/Java/jre1.8.0_101/bin/server;C:/Program Files/Java/jre1.8.0_101/bin;C:/Program Files/Java/jre1.8.0_101/lib/amd64;C:\Program Files (x86)\Common Files\Intel\Shared Libraries\redist\intel64\compiler;C:\Program Files (x86)\NVIDIA Corporation\PhysX\Common;C:\ProgramData\Oracle\Java\javapath;C:\WINDOWS\system32;C:\WINDOWS;C:\WINDOWS\System32\Wbem;C:\WINDOWS\System32\WindowsPowerShell\v1.0\;C:\Program Files (x86)\GtkSharp\2.12\bin;C:\Program Files\dotnet\;C:\Program Files\RedHat\java-1.8.0-openjdk-1.8.0.131-1\bin;C:\Program Files\Git\cmd;C:\Program Files\nodejs\;C:\WINDOWS\System32\OpenSSH\;C:\Program Files\Microsoft VS Code\bin;C:\Program Files\Microsoft SQL Server\130\Tools\Binn\;C:\Program Files\TortoiseSVN\bin;C:\Users\drago\AppData\Local\Microsoft\WindowsApps;C:\Program Files\Microsoft VS Code\bin;C:\Users\drago\AppData\Local\GitHubDesktop\bin;C:\Users\drago\AppData\Local\atom\bin;C:\Users\drago\AppData\Local\Google\Cloud SDK\google-cloud-sdk\bin;C:\Users\drago\AppData\Roaming\npm;%USERPROFILE%\AppData\Local\Microsoft\WindowsApps;;C:\WINDOWS\system32;
USERNAME=dragodfdsfasdaas
OS=Windows_NT
PROCESSOR_IDENTIFIER=Intel64 Family 6 Model 78 Stepping 3, GenuineIntel



---------------  S Y S T E M  ---------------

OS: Windows 10.0 , 64 bit Build 17134 (10.0.17134.1)

CPU:total 4 (2 cores per cpu, 2 threads per core) family 6 model 78 stepping 3, cmov, cx8, fxsr, mmx, sse, sse2, sse3, ssse3, sse4.1, sse4.2, popcnt, avx, avx2, aes, clmul, erms, rtm, 3dnowpref, lzcnt, ht, tsc, tscinvbit, bmi1, bmi2, adx

Memory: 4k page, physical 8311896k(2064404k free), swap 13230296k(3011872k free)

vm_info: Java HotSpot(TM) 64-Bit Server VM (25.101-b13) for windows-amd64 JRE (1.8.0_101-b13), built on Jun 22 2016 01:21:29 by "java_re" with MS VC++ 10.0 (VS2010)

time: Fri Aug 17 22:04:13 2018
elapsed time: 300 seconds (0d 0h 5m 0s)

