#
# A fatal error has been detected by the Java Runtime Environment:
#
#  EXCEPTION_ACCESS_VIOLATION (0xc0000005) at pc=0x00007ffb9e90d56a, pid=49704, tid=0x000000000000e1f0
#
# JRE version: Java(TM) SE Runtime Environment (8.0_101-b13) (build 1.8.0_101-b13)
# Java VM: Java HotSpot(TM) 64-Bit Server VM (25.101-b13 mixed mode windows-amd64 compressed oops)
# Problematic frame:
# C  [ig9icd64.dll+0x59d56a]
#
# Failed to write core dump. Minidumps are not enabled by default on client versions of Windows
#
# If you would like to submit a bug report, please visit:
#   http://bugreport.java.com/bugreport/crash.jsp
# The crash happened outside the Java Virtual Machine in native code.
# See problematic frame for where to report the bug.
#

---------------  T H R E A D  ---------------

Current thread (0x0000000019d9a800):  JavaThread "main-SharedResourceRunner" daemon [_thread_in_native, id=57840, stack(0x000000001bb70000,0x000000001bc70000)]

siginfo: ExceptionCode=0xc0000005, reading address 0x0000000000000010

Registers:
RAX=0x00000000009514d0, RBX=0x0000000000000001, RCX=0x0000000000000001, RDX=0x0000000000000001
RSP=0x000000001bc6ee40, RBP=0x0000000000986d80, RSI=0x0000000000000001, RDI=0x0000000000000000
R8 =0x0000000000000000, R9 =0x000000001bc6efa0, R10=0x0000000000000000, R11=0x0000000000000246
R12=0x0000000000000000, R13=0x000000001b9ca028, R14=0x000000001bc6efd8, R15=0x0000000019d9a800
RIP=0x00007ffb9e90d56a, EFLAGS=0x0000000000010202

Top of Stack: (sp=0x000000001bc6ee40)
0x000000001bc6ee40:   0000000000000068 0000000019d9a800
0x000000001bc6ee50:   0000000000000000 00007ffbd5776b8b
0x000000001bc6ee60:   0000000000000000 0000000000030001
0x000000001bc6ee70:   fffffffffffffffe 0000000000000000
0x000000001bc6ee80:   0000000000000000 00007ffbd5778fc8
0x000000001bc6ee90:   0000000000000000 0000000000000000
0x000000001bc6eea0:   00007ffbd57fc400 0000000000030001
0x000000001bc6eeb0:   000000001bc6efa0 00007ffbd577a624
0x000000001bc6eec0:   0000000018bb9a30 0000000018b02c50
0x000000001bc6eed0:   0000000018b02c50 000000001bc6efd0
0x000000001bc6eee0:   0000000000000031 000000006455657a
0x000000001bc6eef0:   00000000812794b8 000000001b9ca028
0x000000001bc6ef00:   0000d4faf03bb60c 0000000002643b43
0x000000001bc6ef10:   00000000812794b8 0000000002637f54
0x000000001bc6ef20:   000000001b9ca3c8 00000000645565ae
0x000000001bc6ef30:   0000000019ca1d00 000000007540d01b 

Instructions: (pc=0x00007ffb9e90d56a)
0x00007ffb9e90d54a:   d8 70 00 65 48 8b 04 25 58 00 00 00 bd 10 00 00
0x00007ffb9e90d55a:   00 4a 8b 04 c0 48 8b 2c 28 4c 8b 85 e0 6f 02 00
0x00007ffb9e90d56a:   41 8b 50 10 8b c1 48 23 d0 49 8b 40 28 48 8b 3c
0x00007ffb9e90d57a:   d0 48 85 ff 74 1d 48 8b cf e8 38 e2 ff ff 39 58 


Register to memory mapping:

RAX=0x00000000009514d0 is an unknown value
RBX=0x0000000000000001 is an unknown value
RCX=0x0000000000000001 is an unknown value
RDX=0x0000000000000001 is an unknown value
RSP=0x000000001bc6ee40 is pointing into the stack for thread: 0x0000000019d9a800
RBP=0x0000000000986d80 is an unknown value
RSI=0x0000000000000001 is an unknown value
RDI=0x0000000000000000 is an unknown value
R8 =0x0000000000000000 is an unknown value
R9 =0x000000001bc6efa0 is pointing into the stack for thread: 0x0000000019d9a800
R10=0x0000000000000000 is an unknown value
R11=0x0000000000000246 is an unknown value
R12=0x0000000000000000 is an unknown value
R13={method} {0x000000001b9ca030} 'dispatch_wglDeleteContext0' '(JJ)Z' in 'jogamp/opengl/windows/wgl/WGL'
R14=0x000000001bc6efd8 is pointing into the stack for thread: 0x0000000019d9a800
R15=0x0000000019d9a800 is a thread


Stack: [0x000000001bb70000,0x000000001bc70000],  sp=0x000000001bc6ee40,  free space=1019k
Native frames: (J=compiled Java code, j=interpreted, Vv=VM code, C=native code)
C  [ig9icd64.dll+0x59d56a]
C  [graphics-hook64.dll+0x8fc8]
C  [graphics-hook64.dll+0xa624]
C  [jogl_desktop.dll+0x5657a]
C  0x0000000002637f54

Java frames: (J=compiled Java code, j=interpreted, Vv=VM code)
j  jogamp.opengl.windows.wgl.WGL.dispatch_wglDeleteContext0(JJ)Z+0
j  jogamp.opengl.windows.wgl.WGL.wglDeleteContext(J)Z+37
j  jogamp.opengl.windows.wgl.WindowsWGLContext.destroyImpl()V+10
j  jogamp.opengl.GLContextImpl.destroy()V+387
j  jogamp.opengl.windows.wgl.WindowsWGLDrawableFactory$SharedResourceImplementation.releaseSharedResource(Ljogamp/opengl/SharedResourceRunner$Resource;)V+143
j  jogamp.opengl.SharedResourceRunner.releaseSharedResources()V+46
j  jogamp.opengl.SharedResourceRunner.run()V+495
j  java.lang.Thread.run()V+11
v  ~StubRoutines::call_stub

---------------  P R O C E S S  ---------------

Java Threads: ( => current thread )
  0x0000000019e5b800 JavaThread "NativeWindowFactory_ShutdownHook" [_thread_blocked, id=48684, stack(0x0000000023150000,0x0000000023250000)]
  0x0000000019b7b000 JavaThread "Thread-4" [_thread_blocked, id=33528, stack(0x0000000023050000,0x0000000023150000)]
  0x000000000251d800 JavaThread "DestroyJavaVM" [_thread_blocked, id=55236, stack(0x00000000023a0000,0x00000000024a0000)]
  0x0000000019e5e000 JavaThread "AWT-EventQueue-0" [_thread_blocked, id=30336, stack(0x0000000020870000,0x0000000020970000)]
  0x0000000019e5d800 JavaThread "AWT-Shutdown" [_thread_blocked, id=50468, stack(0x0000000020770000,0x0000000020870000)]
=>0x0000000019d9a800 JavaThread "main-SharedResourceRunner" daemon [_thread_in_native, id=57840, stack(0x000000001bb70000,0x000000001bc70000)]
  0x0000000018e63800 JavaThread "Java2D Disposer" daemon [_thread_blocked, id=32916, stack(0x0000000019320000,0x0000000019420000)]
  0x00000000171fe000 JavaThread "Service Thread" daemon [_thread_blocked, id=54584, stack(0x0000000018ee0000,0x0000000018fe0000)]
  0x00000000171cb800 JavaThread "C1 CompilerThread2" daemon [_thread_blocked, id=57828, stack(0x00000000189e0000,0x0000000018ae0000)]
  0x00000000171a4000 JavaThread "C2 CompilerThread1" daemon [_thread_blocked, id=19332, stack(0x00000000188e0000,0x00000000189e0000)]
  0x000000001719d000 JavaThread "C2 CompilerThread0" daemon [_thread_blocked, id=52232, stack(0x00000000187e0000,0x00000000188e0000)]
  0x000000001719b800 JavaThread "Attach Listener" daemon [_thread_blocked, id=47268, stack(0x00000000186e0000,0x00000000187e0000)]
  0x000000001719a800 JavaThread "Signal Dispatcher" daemon [_thread_blocked, id=49576, stack(0x00000000185e0000,0x00000000186e0000)]
  0x000000001718a800 JavaThread "Finalizer" daemon [_thread_blocked, id=43912, stack(0x00000000183f0000,0x00000000184f0000)]
  0x0000000017168800 JavaThread "Reference Handler" daemon [_thread_blocked, id=53148, stack(0x00000000182f0000,0x00000000183f0000)]

Other Threads:
  0x0000000017167000 VMThread [stack: 0x00000000181f0000,0x00000000182f0000] [id=51496]
  0x0000000018b0f000 WatcherThread [stack: 0x0000000018fe0000,0x00000000190e0000] [id=59224]

VM state:not at safepoint (normal execution)

VM Mutex/Monitor currently owned by a thread: None

Heap:
 PSYoungGen      total 35328K, used 21037K [0x00000000d5b80000, 0x00000000d8500000, 0x0000000100000000)
  eden space 29184K, 69% used [0x00000000d5b80000,0x00000000d6f33660,0x00000000d7800000)
  from space 6144K, 14% used [0x00000000d7f00000,0x00000000d7fd8000,0x00000000d8500000)
  to   space 6656K, 0% used [0x00000000d7800000,0x00000000d7800000,0x00000000d7e80000)
 ParOldGen       total 87552K, used 3652K [0x0000000081200000, 0x0000000086780000, 0x00000000d5b80000)
  object space 87552K, 4% used [0x0000000081200000,0x00000000815911f8,0x0000000086780000)
 Metaspace       used 15032K, capacity 15224K, committed 15488K, reserved 1062912K
  class space    used 1500K, capacity 1569K, committed 1664K, reserved 1048576K

Card table byte_map: [0x00000000119e0000,0x0000000011de0000] byte_map_base: 0x00000000115d7000

Marking Bits: (ParMarkBitMap*) 0x0000000075b5a6d0
 Begin Bits: [0x0000000012490000, 0x0000000014448000)
 End Bits:   [0x0000000014448000, 0x0000000016400000)

Polling page: 0x0000000000890000

CodeCache: size=245760Kb used=5284Kb max_used=5342Kb free=240475Kb
 bounds [0x0000000002620000, 0x0000000002b70000, 0x0000000011620000]
 total_blobs=2182 nmethods=1343 adapters=752
 compilation: enabled

Compilation events (10 events):
Event: 566.063 Thread 0x00000000171cb800 1469       3       java.nio.CharBuffer::arrayOffset (35 bytes)
Event: 566.063 Thread 0x00000000171cb800 nmethod 1469 0x0000000002963010 code [0x00000000029631a0, 0x00000000029634b8]
Event: 566.558 Thread 0x00000000171cb800 1470       3       missileLauncher.Barrel::draw (109 bytes)
Event: 566.559 Thread 0x00000000171cb800 nmethod 1470 0x0000000002939490 code [0x0000000002939640, 0x0000000002939c08]
Event: 566.559 Thread 0x00000000171cb800 1471       3       missileLauncher.ShootPoint::draw (36 bytes)
Event: 566.559 Thread 0x00000000171cb800 nmethod 1471 0x00000000029388d0 code [0x0000000002938aa0, 0x0000000002939118]
Event: 566.677 Thread 0x00000000171cb800 1472       3       java.lang.Math::toRadians (10 bytes)
Event: 566.677 Thread 0x00000000171cb800 nmethod 1472 0x00000000029af1d0 code [0x00000000029af340, 0x00000000029af490]
Event: 567.512 Thread 0x000000001719d000 1473       4       assignment.Bounds::collision (146 bytes)
Event: 567.527 Thread 0x000000001719d000 nmethod 1473 0x00000000029a5b10 code [0x00000000029a5c80, 0x00000000029a6198]

GC Heap History (10 events):
Event: 353.676 GC heap before
{Heap before GC invocations=8 (full 0):
 PSYoungGen      total 36864K, used 32736K [0x00000000d5b80000, 0x00000000d8580000, 0x0000000100000000)
  eden space 31744K, 100% used [0x00000000d5b80000,0x00000000d7a80000,0x00000000d7a80000)
  from space 5120K, 19% used [0x00000000d7b00000,0x00000000d7bf8000,0x00000000d8000000)
  to   space 5632K, 0% used [0x00000000d8000000,0x00000000d8000000,0x00000000d8580000)
 ParOldGen       total 87552K, used 3540K [0x0000000081200000, 0x0000000086780000, 0x00000000d5b80000)
  object space 87552K, 4% used [0x0000000081200000,0x00000000815751f8,0x0000000086780000)
 Metaspace       used 14880K, capacity 15096K, committed 15232K, reserved 1062912K
  class space    used 1491K, capacity 1569K, committed 1664K, reserved 1048576K
Event: 353.685 GC heap after
Heap after GC invocations=8 (full 0):
 PSYoungGen      total 36864K, used 960K [0x00000000d5b80000, 0x00000000d8600000, 0x0000000100000000)
  eden space 31232K, 0% used [0x00000000d5b80000,0x00000000d5b80000,0x00000000d7a00000)
  from space 5632K, 17% used [0x00000000d8000000,0x00000000d80f0000,0x00000000d8580000)
  to   space 6144K, 0% used [0x00000000d7a00000,0x00000000d7a00000,0x00000000d8000000)
 ParOldGen       total 87552K, used 3628K [0x0000000081200000, 0x0000000086780000, 0x00000000d5b80000)
  object space 87552K, 4% used [0x0000000081200000,0x000000008158b1f8,0x0000000086780000)
 Metaspace       used 14880K, capacity 15096K, committed 15232K, reserved 1062912K
  class space    used 1491K, capacity 1569K, committed 1664K, reserved 1048576K
}
Event: 403.206 GC heap before
{Heap before GC invocations=9 (full 0):
 PSYoungGen      total 36864K, used 32192K [0x00000000d5b80000, 0x00000000d8600000, 0x0000000100000000)
  eden space 31232K, 100% used [0x00000000d5b80000,0x00000000d7a00000,0x00000000d7a00000)
  from space 5632K, 17% used [0x00000000d8000000,0x00000000d80f0000,0x00000000d8580000)
  to   space 6144K, 0% used [0x00000000d7a00000,0x00000000d7a00000,0x00000000d8000000)
 ParOldGen       total 87552K, used 3628K [0x0000000081200000, 0x0000000086780000, 0x00000000d5b80000)
  object space 87552K, 4% used [0x0000000081200000,0x000000008158b1f8,0x0000000086780000)
 Metaspace       used 14880K, capacity 15096K, committed 15232K, reserved 1062912K
  class space    used 1491K, capacity 1569K, committed 1664K, reserved 1048576K
Event: 403.218 GC heap after
Heap after GC invocations=9 (full 0):
 PSYoungGen      total 36864K, used 896K [0x00000000d5b80000, 0x00000000d8680000, 0x0000000100000000)
  eden space 30720K, 0% used [0x00000000d5b80000,0x00000000d5b80000,0x00000000d7980000)
  from space 6144K, 14% used [0x00000000d7a00000,0x00000000d7ae0000,0x00000000d8000000)
  to   space 6656K, 0% used [0x00000000d8000000,0x00000000d8000000,0x00000000d8680000)
 ParOldGen       total 87552K, used 3644K [0x0000000081200000, 0x0000000086780000, 0x00000000d5b80000)
  object space 87552K, 4% used [0x0000000081200000,0x000000008158f1f8,0x0000000086780000)
 Metaspace       used 14880K, capacity 15096K, committed 15232K, reserved 1062912K
  class space    used 1491K, capacity 1569K, committed 1664K, reserved 1048576K
}
Event: 448.890 GC heap before
{Heap before GC invocations=10 (full 0):
 PSYoungGen      total 36864K, used 31616K [0x00000000d5b80000, 0x00000000d8680000, 0x0000000100000000)
  eden space 30720K, 100% used [0x00000000d5b80000,0x00000000d7980000,0x00000000d7980000)
  from space 6144K, 14% used [0x00000000d7a00000,0x00000000d7ae0000,0x00000000d8000000)
  to   space 6656K, 0% used [0x00000000d8000000,0x00000000d8000000,0x00000000d8680000)
 ParOldGen       total 87552K, used 3644K [0x0000000081200000, 0x0000000086780000, 0x00000000d5b80000)
  object space 87552K, 4% used [0x0000000081200000,0x000000008158f1f8,0x0000000086780000)
 Metaspace       used 14880K, capacity 15096K, committed 15232K, reserved 1062912K
  class space    used 1491K, capacity 1569K, committed 1664K, reserved 1048576K
Event: 448.912 GC heap after
Heap after GC invocations=10 (full 0):
 PSYoungGen      total 36352K, used 896K [0x00000000d5b80000, 0x00000000d8600000, 0x0000000100000000)
  eden space 30208K, 0% used [0x00000000d5b80000,0x00000000d5b80000,0x00000000d7900000)
  from space 6144K, 14% used [0x00000000d8000000,0x00000000d80e0000,0x00000000d8600000)
  to   space 6656K, 0% used [0x00000000d7900000,0x00000000d7900000,0x00000000d7f80000)
 ParOldGen       total 87552K, used 3644K [0x0000000081200000, 0x0000000086780000, 0x00000000d5b80000)
  object space 87552K, 4% used [0x0000000081200000,0x000000008158f1f8,0x0000000086780000)
 Metaspace       used 14880K, capacity 15096K, committed 15232K, reserved 1062912K
  class space    used 1491K, capacity 1569K, committed 1664K, reserved 1048576K
}
Event: 498.328 GC heap before
{Heap before GC invocations=11 (full 0):
 PSYoungGen      total 36352K, used 31104K [0x00000000d5b80000, 0x00000000d8600000, 0x0000000100000000)
  eden space 30208K, 100% used [0x00000000d5b80000,0x00000000d7900000,0x00000000d7900000)
  from space 6144K, 14% used [0x00000000d8000000,0x00000000d80e0000,0x00000000d8600000)
  to   space 6656K, 0% used [0x00000000d7900000,0x00000000d7900000,0x00000000d7f80000)
 ParOldGen       total 87552K, used 3644K [0x0000000081200000, 0x0000000086780000, 0x00000000d5b80000)
  object space 87552K, 4% used [0x0000000081200000,0x000000008158f1f8,0x0000000086780000)
 Metaspace       used 14880K, capacity 15096K, committed 15232K, reserved 1062912K
  class space    used 1491K, capacity 1569K, committed 1664K, reserved 1048576K
Event: 498.345 GC heap after
Heap after GC invocations=11 (full 0):
 PSYoungGen      total 30720K, used 864K [0x00000000d5b80000, 0x00000000d8580000, 0x0000000100000000)
  eden space 29696K, 0% used [0x00000000d5b80000,0x00000000d5b80000,0x00000000d7880000)
  from space 1024K, 84% used [0x00000000d7900000,0x00000000d79d8000,0x00000000d7a00000)
  to   space 6656K, 0% used [0x00000000d7f00000,0x00000000d7f00000,0x00000000d8580000)
 ParOldGen       total 87552K, used 3644K [0x0000000081200000, 0x0000000086780000, 0x00000000d5b80000)
  object space 87552K, 4% used [0x0000000081200000,0x000000008158f1f8,0x0000000086780000)
 Metaspace       used 14880K, capacity 15096K, committed 15232K, reserved 1062912K
  class space    used 1491K, capacity 1569K, committed 1664K, reserved 1048576K
}
Event: 546.110 GC heap before
{Heap before GC invocations=12 (full 0):
 PSYoungGen      total 30720K, used 30560K [0x00000000d5b80000, 0x00000000d8580000, 0x0000000100000000)
  eden space 29696K, 100% used [0x00000000d5b80000,0x00000000d7880000,0x00000000d7880000)
  from space 1024K, 84% used [0x00000000d7900000,0x00000000d79d8000,0x00000000d7a00000)
  to   space 6656K, 0% used [0x00000000d7f00000,0x00000000d7f00000,0x00000000d8580000)
 ParOldGen       total 87552K, used 3644K [0x0000000081200000, 0x0000000086780000, 0x00000000d5b80000)
  object space 87552K, 4% used [0x0000000081200000,0x000000008158f1f8,0x0000000086780000)
 Metaspace       used 14985K, capacity 15160K, committed 15488K, reserved 1062912K
  class space    used 1491K, capacity 1569K, committed 1664K, reserved 1048576K
Event: 546.116 GC heap after
Heap after GC invocations=12 (full 0):
 PSYoungGen      total 35328K, used 864K [0x00000000d5b80000, 0x00000000d8500000, 0x0000000100000000)
  eden space 29184K, 0% used [0x00000000d5b80000,0x00000000d5b80000,0x00000000d7800000)
  from space 6144K, 14% used [0x00000000d7f00000,0x00000000d7fd8000,0x00000000d8500000)
  to   space 6656K, 0% used [0x00000000d7800000,0x00000000d7800000,0x00000000d7e80000)
 ParOldGen       total 87552K, used 3652K [0x0000000081200000, 0x0000000086780000, 0x00000000d5b80000)
  object space 87552K, 4% used [0x0000000081200000,0x00000000815911f8,0x0000000086780000)
 Metaspace       used 14985K, capacity 15160K, committed 15488K, reserved 1062912K
  class space    used 1491K, capacity 1569K, committed 1664K, reserved 1048576K
}

Deoptimization events (10 events):
Event: 554.877 Thread 0x0000000019e5e000 Uncommon trap: reason=unstable_if action=reinterpret pc=0x00000000028bea34 method=assignment.Spaceship.update(D)V @ 4
Event: 554.878 Thread 0x0000000019e5e000 Uncommon trap: reason=unstable_if action=reinterpret pc=0x00000000028be6f0 method=assignment.Spaceship.draw(Lcom/jogamp/opengl/GL2;)V @ 4
Event: 562.446 Thread 0x0000000019e5e000 Uncommon trap: reason=class_check action=maybe_recompile pc=0x00000000027232a0 method=java.lang.ThreadLocal.get()Ljava/lang/Object; @ 6
Event: 563.027 Thread 0x0000000019e5e000 Uncommon trap: reason=class_check action=maybe_recompile pc=0x00000000027232a0 method=java.lang.ThreadLocal.get()Ljava/lang/Object; @ 6
Event: 563.646 Thread 0x0000000019e5e000 Uncommon trap: reason=class_check action=maybe_recompile pc=0x00000000027232a0 method=java.lang.ThreadLocal.get()Ljava/lang/Object; @ 6
Event: 564.254 Thread 0x0000000019e5e000 Uncommon trap: reason=class_check action=maybe_recompile pc=0x00000000027232a0 method=java.lang.ThreadLocal.get()Ljava/lang/Object; @ 6
Event: 571.174 Thread 0x0000000019d9a800 Uncommon trap: reason=class_check action=maybe_recompile pc=0x0000000002a94e0c method=jogamp.opengl.GLDrawableImpl.lockSurface()I @ 4
Event: 571.175 Thread 0x0000000019d9a800 Uncommon trap: reason=class_check action=maybe_recompile pc=0x0000000002aefb0c method=jogamp.opengl.GLDrawableImpl.lockSurface()I @ 4
Event: 571.175 Thread 0x0000000019d9a800 Uncommon trap: reason=class_check action=maybe_recompile pc=0x0000000002ae2fe4 method=jogamp.opengl.GLDrawableImpl.getHandle()J @ 4
Event: 571.178 Thread 0x0000000019d9a800 Uncommon trap: reason=unstable_if action=reinterpret pc=0x0000000002af2798 method=jogamp.opengl.GLContextImpl.release(Z)V @ 161

Internal exceptions (10 events):
Event: 0.633 Thread 0x000000000251d800 Exception <a 'java/security/PrivilegedActionException'> (0x00000000d5d31828) thrown at [C:\re\workspace\8-2-build-windows-amd64-cygwin\jdk8u101\7261\hotspot\src\share\vm\prims\jvm.cpp, line 1386]
Event: 0.634 Thread 0x000000000251d800 Exception <a 'java/security/PrivilegedActionException'> (0x00000000d5d35470) thrown at [C:\re\workspace\8-2-build-windows-amd64-cygwin\jdk8u101\7261\hotspot\src\share\vm\prims\jvm.cpp, line 1386]
Event: 0.634 Thread 0x000000000251d800 Exception <a 'java/security/PrivilegedActionException'> (0x00000000d5d35680) thrown at [C:\re\workspace\8-2-build-windows-amd64-cygwin\jdk8u101\7261\hotspot\src\share\vm\prims\jvm.cpp, line 1386]
Event: 0.658 Thread 0x000000000251d800 Exception <a 'java/io/FileNotFoundException'> (0x00000000d5d3bc08) thrown at [C:\re\workspace\8-2-build-windows-amd64-cygwin\jdk8u101\7261\hotspot\src\share\vm\prims\jni.cpp, line 709]
Event: 1.078 Thread 0x000000000251d800 Exception <a 'java/lang/NoSuchFieldError': method resolution failed> (0x00000000d5e09068) thrown at [C:\re\workspace\8-2-build-windows-amd64-cygwin\jdk8u101\7261\hotspot\src\share\vm\prims\methodHandles.cpp, line 1146]
Event: 1.094 Thread 0x000000000251d800 Exception <a 'java/lang/NoSuchFieldError': method resolution failed> (0x00000000d5e16438) thrown at [C:\re\workspace\8-2-build-windows-amd64-cygwin\jdk8u101\7261\hotspot\src\share\vm\prims\methodHandles.cpp, line 1146]
Event: 1.540 Thread 0x000000000251d800 Exception <a 'java/io/FileNotFoundException'> (0x00000000d5ea9c80) thrown at [C:\re\workspace\8-2-build-windows-amd64-cygwin\jdk8u101\7261\hotspot\src\share\vm\prims\jni.cpp, line 709]
Event: 6.451 Thread 0x000000000251d800 Exception <a 'java/lang/reflect/InvocationTargetException'> (0x00000000d6a88538) thrown at [C:\re\workspace\8-2-build-windows-amd64-cygwin\jdk8u101\7261\hotspot\src\share\vm\runtime\reflection.cpp, line 1092]
Event: 49.913 Thread 0x0000000019e5e000 Implicit null exception at 0x0000000002a87a2e to 0x0000000002a87fa5
Event: 89.417 Thread 0x0000000019e5e000 Implicit null exception at 0x0000000002a71b87 to 0x0000000002a71c7e

Events (10 events):
Event: 571.175 loading class java/nio/channels/ClosedChannelException
Event: 571.175 Thread 0x0000000019d9a800 DEOPT UNPACKING pc=0x000000000266582a sp=0x000000001bc6ef18 mode 2
Event: 571.175 Thread 0x0000000019d9a800 Uncommon trap: trap_request=0xffffffde fr.pc=0x0000000002ae2fe4
Event: 571.175 Thread 0x0000000019d9a800 DEOPT PACKING pc=0x0000000002ae2fe4 sp=0x000000001bc6ef50
Event: 571.175 Thread 0x0000000019d9a800 DEOPT UNPACKING pc=0x000000000266582a sp=0x000000001bc6ee30 mode 2
Event: 571.175 loading class java/nio/channels/ClosedChannelException done
Event: 571.176 Thread 0x0000000021431800 Thread exited: 0x0000000021431800
Event: 571.178 Thread 0x0000000019d9a800 Uncommon trap: trap_request=0xffffff65 fr.pc=0x0000000002af2798
Event: 571.178 Thread 0x0000000019d9a800 DEOPT PACKING pc=0x0000000002af2798 sp=0x000000001bc6efe0
Event: 571.178 Thread 0x0000000019d9a800 DEOPT UNPACKING pc=0x000000000266582a sp=0x000000001bc6efe0 mode 2


Dynamic libraries:
0x00007ff6aa130000 - 0x00007ff6aa167000 	C:\Program Files\Java\jre1.8.0_101\bin\javaw.exe
0x00007ffc0aae0000 - 0x00007ffc0acc1000 	C:\WINDOWS\SYSTEM32\ntdll.dll
0x00007ffc084c0000 - 0x00007ffc08572000 	C:\WINDOWS\System32\KERNEL32.DLL
0x00007ffc06f00000 - 0x00007ffc07173000 	C:\WINDOWS\System32\KERNELBASE.dll
0x00007ffc050f0000 - 0x00007ffc0517b000 	C:\WINDOWS\SYSTEM32\apphelp.dll
0x00007ffc0a190000 - 0x00007ffc0a231000 	C:\WINDOWS\System32\ADVAPI32.dll
0x00007ffc08630000 - 0x00007ffc086ce000 	C:\WINDOWS\System32\msvcrt.dll
0x00007ffc0a630000 - 0x00007ffc0a68b000 	C:\WINDOWS\System32\sechost.dll
0x00007ffc0a240000 - 0x00007ffc0a364000 	C:\WINDOWS\System32\RPCRT4.dll
0x00007ffc0a370000 - 0x00007ffc0a500000 	C:\WINDOWS\System32\USER32.dll
0x00007ffc07180000 - 0x00007ffc071a0000 	C:\WINDOWS\System32\win32u.dll
0x00007ffc0a7a0000 - 0x00007ffc0a7c8000 	C:\WINDOWS\System32\GDI32.dll
0x00007ffc07420000 - 0x00007ffc075b2000 	C:\WINDOWS\System32\gdi32full.dll
0x00007ffc07280000 - 0x00007ffc0731f000 	C:\WINDOWS\System32\msvcp_win.dll
0x00007ffc07320000 - 0x00007ffc0741a000 	C:\WINDOWS\System32\ucrtbase.dll
0x00007ffbf5570000 - 0x00007ffbf57d9000 	C:\WINDOWS\WinSxS\amd64_microsoft.windows.common-controls_6595b64144ccf1df_6.0.17134.165_none_fb429645306569ac\COMCTL32.dll
0x00007ffc07f70000 - 0x00007ffc08293000 	C:\WINDOWS\System32\combase.dll
0x00007ffc07200000 - 0x00007ffc0727a000 	C:\WINDOWS\System32\bcryptPrimitives.dll
0x00007ffc0a7d0000 - 0x00007ffc0a7fd000 	C:\WINDOWS\System32\IMM32.DLL
0x00000000750c0000 - 0x0000000075192000 	C:\Program Files\Java\jre1.8.0_101\bin\msvcr100.dll
0x0000000075340000 - 0x0000000075bda000 	C:\Program Files\Java\jre1.8.0_101\bin\server\jvm.dll
0x00007ffc0a790000 - 0x00007ffc0a798000 	C:\WINDOWS\System32\PSAPI.DLL
0x00007ffc00290000 - 0x00007ffc00299000 	C:\WINDOWS\SYSTEM32\WSOCK32.dll
0x00007ffc0a500000 - 0x00007ffc0a56c000 	C:\WINDOWS\System32\WS2_32.dll
0x00007ffc02f30000 - 0x00007ffc02f53000 	C:\WINDOWS\SYSTEM32\WINMM.dll
0x00007ffbf2c90000 - 0x00007ffbf2c9a000 	C:\WINDOWS\SYSTEM32\VERSION.dll
0x00007ffc02f00000 - 0x00007ffc02f2a000 	C:\WINDOWS\SYSTEM32\WINMMBASE.dll
0x00007ffc06eb0000 - 0x00007ffc06ef9000 	C:\WINDOWS\System32\cfgmgr32.dll
0x0000000076220000 - 0x000000007622f000 	C:\Program Files\Java\jre1.8.0_101\bin\verify.dll
0x0000000075230000 - 0x0000000075259000 	C:\Program Files\Java\jre1.8.0_101\bin\java.dll
0x0000000076200000 - 0x0000000076216000 	C:\Program Files\Java\jre1.8.0_101\bin\zip.dll
0x00007ffc08bf0000 - 0x00007ffc0a030000 	C:\WINDOWS\System32\SHELL32.dll
0x00007ffc08580000 - 0x00007ffc08629000 	C:\WINDOWS\System32\shcore.dll
0x00007ffc075c0000 - 0x00007ffc07ccd000 	C:\WINDOWS\System32\windows.storage.dll
0x00007ffc0a5d0000 - 0x00007ffc0a621000 	C:\WINDOWS\System32\shlwapi.dll
0x00007ffc06df0000 - 0x00007ffc06e01000 	C:\WINDOWS\System32\kernel.appcore.dll
0x00007ffc06e70000 - 0x00007ffc06e8f000 	C:\WINDOWS\System32\profapi.dll
0x00007ffc06e20000 - 0x00007ffc06e6c000 	C:\WINDOWS\System32\powrprof.dll
0x00007ffc06e10000 - 0x00007ffc06e1a000 	C:\WINDOWS\System32\FLTLIB.DLL
0x0000000074f20000 - 0x00000000750b8000 	C:\Program Files\Java\jre1.8.0_101\bin\awt.dll
0x00007ffc086d0000 - 0x00007ffc08792000 	C:\WINDOWS\System32\OLEAUT32.dll
0x00007ffc05850000 - 0x00007ffc05879000 	C:\WINDOWS\system32\DWMAPI.DLL
0x00007ffc05270000 - 0x00007ffc05308000 	C:\WINDOWS\system32\uxtheme.dll
0x00007ffc0a800000 - 0x00007ffc0a975000 	C:\WINDOWS\System32\MSCTF.dll
0x00007ffc0a030000 - 0x00007ffc0a181000 	C:\WINDOWS\System32\ole32.dll
0x00007ffc06830000 - 0x00007ffc06847000 	C:\WINDOWS\SYSTEM32\CRYPTSP.dll
0x00007ffc06210000 - 0x00007ffc06243000 	C:\WINDOWS\system32\rsaenh.dll
0x00007ffc06950000 - 0x00007ffc06975000 	C:\WINDOWS\SYSTEM32\bcrypt.dll
0x00007ffc06cf0000 - 0x00007ffc06d18000 	C:\WINDOWS\SYSTEM32\USERENV.dll
0x00007ffc06780000 - 0x00007ffc0678b000 	C:\WINDOWS\SYSTEM32\CRYPTBASE.dll
0x0000000075210000 - 0x000000007522a000 	C:\Program Files\Java\jre1.8.0_101\bin\net.dll
0x00007ffc06620000 - 0x00007ffc06686000 	C:\WINDOWS\system32\mswsock.dll
0x00007ffc063b0000 - 0x00007ffc063e8000 	C:\WINDOWS\SYSTEM32\IPHLPAPI.DLL
0x00007ffc0a980000 - 0x00007ffc0a988000 	C:\WINDOWS\System32\NSI.dll
0x00007ffbfb090000 - 0x00007ffbfb0a6000 	C:\WINDOWS\SYSTEM32\dhcpcsvc6.DLL
0x00007ffbfb070000 - 0x00007ffbfb08a000 	C:\WINDOWS\SYSTEM32\dhcpcsvc.DLL
0x00000000751f0000 - 0x0000000075201000 	C:\Program Files\Java\jre1.8.0_101\bin\nio.dll
0x00000000637c0000 - 0x00000000637cd000 	C:\Users\drago\AppData\Local\Temp\jogamp_0000\file_cache\jln8922872102465781840\jln5820495889305091209\natives\windows-amd64\gluegen-rt.dll
0x0000000074f10000 - 0x0000000074f17000 	C:\Program Files\Java\jre1.8.0_101\bin\jawt.dll
0x000000006a440000 - 0x000000006a44d000 	C:\Users\drago\AppData\Local\Temp\jogamp_0000\file_cache\jln8922872102465781840\jln5820495889305091209\natives\windows-amd64\nativewindow_awt.dll
0x000000006c100000 - 0x000000006c10f000 	C:\Users\drago\AppData\Local\Temp\jogamp_0000\file_cache\jln8922872102465781840\jln5820495889305091209\natives\windows-amd64\nativewindow_win32.dll
0x00007ffbd8530000 - 0x00007ffbd8650000 	C:\WINDOWS\SYSTEM32\OpenGL32.dll
0x00007ffbfe030000 - 0x00007ffbfe05c000 	C:\WINDOWS\SYSTEM32\GLU32.dll
0x0000000064500000 - 0x00000000645b1000 	C:\Users\drago\AppData\Local\Temp\jogamp_0000\file_cache\jln8922872102465781840\jln5820495889305091209\natives\windows-amd64\jogl_desktop.dll
0x0000000064340000 - 0x00000000643a2000 	C:\Users\drago\AppData\Local\Temp\jogamp_0000\file_cache\jln8922872102465781840\jln5820495889305091209\natives\windows-amd64\jogl_mobile.dll
0x00007ffb9e370000 - 0x00007ffb9f0cf000 	C:\WINDOWS\System32\DriverStore\FileRepository\atgh4627.inf_amd64_1a9e52b1bbedf409\ig9icd64.dll
0x00007ffc02de0000 - 0x00007ffc02df3000 	C:\WINDOWS\SYSTEM32\WTSAPI32.dll
0x00007ffbfe350000 - 0x00007ffbff4ae000 	C:\WINDOWS\System32\DriverStore\FileRepository\atgh4627.inf_amd64_1a9e52b1bbedf409\igc64.dll
0x0000000074ec0000 - 0x0000000074f07000 	C:\Program Files\Java\jre1.8.0_101\bin\fontmanager.dll
0x00007ffbfb920000 - 0x00007ffbfb9b8000 	C:\WINDOWS\System32\TextInputFramework.dll
0x00007ffc04bb0000 - 0x00007ffc04c8a000 	C:\WINDOWS\System32\CoreMessaging.dll
0x00007ffc01830000 - 0x00007ffc01b4e000 	C:\WINDOWS\System32\CoreUIComponents.dll
0x00007ffc06010000 - 0x00007ffc06041000 	C:\WINDOWS\SYSTEM32\ntmarta.dll
0x00007ffc03260000 - 0x00007ffc033ad000 	C:\WINDOWS\SYSTEM32\wintypes.dll
0x00007ffc05b70000 - 0x00007ffc05c2b000 	C:\WINDOWS\SYSTEM32\dxgi.dll
0x00007ffc04130000 - 0x00007ffc0443b000 	C:\WINDOWS\SYSTEM32\d3d11.dll
0x00007ffbdb510000 - 0x00007ffbdcc55000 	C:\WINDOWS\System32\DriverStore\FileRepository\atgh4627.inf_amd64_1a9e52b1bbedf409\igd10iumd64.dll
0x00007ffc06920000 - 0x00007ffc06946000 	C:\WINDOWS\SYSTEM32\ncrypt.dll
0x00007ffc068e0000 - 0x00007ffc06916000 	C:\WINDOWS\SYSTEM32\NTASN1.dll
0x00007ffbd5770000 - 0x00007ffbd580d000 	C:\Program Files (x86)\obs-studio\data\obs-plugins\win-capture\graphics-hook64.dll
0x00007ffc03d00000 - 0x00007ffc0412f000 	C:\WINDOWS\SYSTEM32\D3DCompiler_47.dll
0x00007ffbfc7d0000 - 0x00007ffbfc999000 	C:\WINDOWS\SYSTEM32\dbghelp.dll

VM Arguments:
jvm_args: -Dfile.encoding=Cp1252 
java_command: assignment.AlienPlanet
java_class_path (initial): C:\Program Files\Java\jre1.8.0_101\lib\resources.jar;C:\Program Files\Java\jre1.8.0_101\lib\rt.jar;C:\Program Files\Java\jre1.8.0_101\lib\jsse.jar;C:\Program Files\Java\jre1.8.0_101\lib\jce.jar;C:\Program Files\Java\jre1.8.0_101\lib\charsets.jar;C:\Program Files\Java\jre1.8.0_101\lib\jfr.jar;C:\Program Files\Java\jre1.8.0_101\lib\ext\access-bridge-64.jar;C:\Program Files\Java\jre1.8.0_101\lib\ext\cldrdata.jar;C:\Program Files\Java\jre1.8.0_101\lib\ext\dnsns.jar;C:\Program Files\Java\jre1.8.0_101\lib\ext\jaccess.jar;C:\Program Files\Java\jre1.8.0_101\lib\ext\jfxrt.jar;C:\Program Files\Java\jre1.8.0_101\lib\ext\localedata.jar;C:\Program Files\Java\jre1.8.0_101\lib\ext\nashorn.jar;C:\Program Files\Java\jre1.8.0_101\lib\ext\sunec.jar;C:\Program Files\Java\jre1.8.0_101\lib\ext\sunjce_provider.jar;C:\Program Files\Java\jre1.8.0_101\lib\ext\sunmscapi.jar;C:\Program Files\Java\jre1.8.0_101\lib\ext\sunpkcs11.jar;C:\Program Files\Java\jre1.8.0_101\lib\ext\zipfs.jar;C:\Users\drago\Documents\UNI\Year 3\Semester 1\Computer Graphics\Java Projects\Assignment1\bin;C:\jogamp-all-platforms\jar\gluegen-rt.jar;C:\jogamp-all-platforms\jar\jogl-all.jar
Launcher Type: SUN_STANDARD

Environment Variables:
PATH=C:/Program Files/Java/jre1.8.0_101/bin/server;C:/Program Files/Java/jre1.8.0_101/bin;C:/Program Files/Java/jre1.8.0_101/lib/amd64;C:\Program Files (x86)\Common Files\Intel\Shared Libraries\redist\intel64\compiler;C:\Program Files (x86)\NVIDIA Corporation\PhysX\Common;C:\ProgramData\Oracle\Java\javapath;C:\WINDOWS\system32;C:\WINDOWS;C:\WINDOWS\System32\Wbem;C:\WINDOWS\System32\WindowsPowerShell\v1.0\;C:\Program Files (x86)\GtkSharp\2.12\bin;C:\Program Files\dotnet\;C:\Program Files\RedHat\java-1.8.0-openjdk-1.8.0.131-1\bin;C:\Program Files\Git\cmd;C:\Program Files\nodejs\;C:\WINDOWS\System32\OpenSSH\;C:\Program Files\Microsoft VS Code\bin;C:\Program Files\Microsoft SQL Server\130\Tools\Binn\;C:\Program Files\TortoiseSVN\bin;C:\Users\drago\AppData\Local\Microsoft\WindowsApps;C:\Program Files\Microsoft VS Code\bin;C:\Users\drago\AppData\Local\GitHubDesktop\bin;C:\Users\drago\AppData\Local\atom\bin;C:\Users\drago\AppData\Local\Google\Cloud SDK\google-cloud-sdk\bin;C:\Users\drago\AppData\Roaming\npm;%USERPROFILE%\AppData\Local\Microsoft\WindowsApps;;C:\WINDOWS\system32;
USERNAME=dragodfdsfasdaas
OS=Windows_NT
PROCESSOR_IDENTIFIER=Intel64 Family 6 Model 78 Stepping 3, GenuineIntel



---------------  S Y S T E M  ---------------

OS: Windows 10.0 , 64 bit Build 17134 (10.0.17134.1)

CPU:total 4 (2 cores per cpu, 2 threads per core) family 6 model 78 stepping 3, cmov, cx8, fxsr, mmx, sse, sse2, sse3, ssse3, sse4.1, sse4.2, popcnt, avx, avx2, aes, clmul, erms, rtm, 3dnowpref, lzcnt, ht, tsc, tscinvbit, bmi1, bmi2, adx

Memory: 4k page, physical 8311896k(2160720k free), swap 13230296k(3286396k free)

vm_info: Java HotSpot(TM) 64-Bit Server VM (25.101-b13) for windows-amd64 JRE (1.8.0_101-b13), built on Jun 22 2016 01:21:29 by "java_re" with MS VC++ 10.0 (VS2010)

time: Fri Aug 17 21:56:12 2018
elapsed time: 571 seconds (0d 0h 9m 31s)

